14904,org.apache.commons.net.ftp.FTPClient,__parsePathname
28931,org.apache.commons.net.ftp.FTPClient,__parsePathname
7890,org.apache.commons.net.ftp.FTPClient,__parsePathname
115726,org.apache.commons.net.ftp.FTPClient,__parsePathname
7598,org.apache.commons.net.ftp.FTPClient,__parsePathname
8475,org.apache.commons.net.ftp.FTPClient,__parsePathname
5260,org.apache.commons.net.ftp.FTPClient,__parsePathname
6137,org.apache.commons.net.ftp.FTPClient,__parsePathname
814464,org.apache.commons.net.ftp.FTPClientTest,testParseClient
4968,org.apache.commons.net.SocketClient,setDefaultPort
16073,org.apache.commons.net.ftp.FTPClient,__initDefaults
7306,org.apache.commons.net.ftp.FTPClient,getEntryParser
313863,org.apache.commons.net.ftp.parser.RegexFTPFileEntryParserImpl,compileRegex
4676,org.apache.commons.net.ftp.parser.FTPTimestampParserImpl,indexOf
869990,org.apache.commons.net.ftp.parser.FTPTimestampParserImpl,getEntry
1663706,org.apache.commons.net.ftp.parser.FTPTimestampParserImpl,setDefaultDateFormat
2337,org.apache.commons.net.ftp.parser.FTPTimestampParserImpl,indexOf
703999,org.apache.commons.net.ftp.parser.FTPTimestampParserImpl,getEntry
1581879,org.apache.commons.net.ftp.parser.FTPTimestampParserImpl,setRecentDateFormat
26594,org.apache.commons.net.ftp.parser.UnixFTPEntryParser,getDefaultConfiguration
3799,org.apache.commons.net.ftp.FTPClientConfig,getServerLanguageCode
4676,org.apache.commons.net.ftp.FTPClientConfig,getShortMonthNames
409424,org.apache.commons.net.ftp.FTPClientConfig,lookupDateFormatSymbols
4384,org.apache.commons.net.ftp.FTPClientConfig,getRecentDateFormatStr
2338,org.apache.commons.net.ftp.parser.FTPTimestampParserImpl,indexOf
567233,org.apache.commons.net.ftp.parser.FTPTimestampParserImpl,getEntry
1072218,org.apache.commons.net.ftp.parser.FTPTimestampParserImpl,setRecentDateFormat
4384,org.apache.commons.net.ftp.FTPClientConfig,getDefaultDateFormatStr
2338,org.apache.commons.net.ftp.parser.FTPTimestampParserImpl,indexOf
722410,org.apache.commons.net.ftp.parser.FTPTimestampParserImpl,getEntry
1413551,org.apache.commons.net.ftp.parser.FTPTimestampParserImpl,setDefaultDateFormat
5261,org.apache.commons.net.ftp.FTPClientConfig,getServerTimeZoneId
48512,org.apache.commons.net.ftp.parser.FTPTimestampParserImpl,setServerTimeZone
5553,org.apache.commons.net.ftp.FTPClientConfig,isLenientFutureDates
433096,org.apache.commons.net.ftp.parser.FTPTimestampParserImpl,configure
1136803,org.apache.commons.net.ftp.parser.ConfigurableFTPFileEntryParserImpl,configure
2338,org.apache.commons.net.ftp.parser.UnixFTPEntryParser,getDefaultConfiguration
2046,org.apache.commons.net.ftp.FTPClientConfig,getServerLanguageCode
42667,org.apache.commons.net.ftp.FTPClientConfig,getShortMonthNames
28640,org.apache.commons.net.ftp.FTPClientConfig,lookupDateFormatSymbols
2046,org.apache.commons.net.ftp.FTPClientConfig,getRecentDateFormatStr
1754,org.apache.commons.net.ftp.parser.FTPTimestampParserImpl,indexOf
307726,org.apache.commons.net.ftp.parser.FTPTimestampParserImpl,getEntry
919378,org.apache.commons.net.ftp.parser.FTPTimestampParserImpl,setRecentDateFormat
2046,org.apache.commons.net.ftp.FTPClientConfig,getDefaultDateFormatStr
1753,org.apache.commons.net.ftp.parser.FTPTimestampParserImpl,indexOf
468163,org.apache.commons.net.ftp.parser.FTPTimestampParserImpl,getEntry
1006172,org.apache.commons.net.ftp.parser.FTPTimestampParserImpl,setDefaultDateFormat
2045,org.apache.commons.net.ftp.FTPClientConfig,getServerTimeZoneId
6137,org.apache.commons.net.ftp.parser.FTPTimestampParserImpl,setServerTimeZone
1753,org.apache.commons.net.ftp.FTPClientConfig,isLenientFutureDates
512291,org.apache.commons.net.ftp.parser.FTPTimestampParserImpl,configure
1170702,org.apache.commons.net.ftp.parser.ConfigurableFTPFileEntryParserImpl,configure
1834957,org.apache.commons.net.ftp.parser.DefaultFTPFileEntryParserFactory,createFileEntryParser
2361568,org.apache.commons.net.ftp.parser.DefaultFTPFileEntryParserFactory,createFileEntryParser
2642408,org.apache.commons.net.ftp.FTPClient,__createParser
33023,org.apache.commons.net.ftp.FTPClient,getEntryParser
12566,org.apache.commons.net.ftp.FTPClient,__createParser
2046,org.apache.commons.net.ftp.FTPClient,getEntryParser
413515,org.apache.commons.net.ftp.parser.RegexFTPFileEntryParserImpl,compileRegex
2922,org.apache.commons.net.ftp.parser.FTPTimestampParserImpl,indexOf
308018,org.apache.commons.net.ftp.parser.FTPTimestampParserImpl,getEntry
632986,org.apache.commons.net.ftp.parser.FTPTimestampParserImpl,setDefaultDateFormat
7014,org.apache.commons.net.ftp.parser.FTPTimestampParserImpl,indexOf
549990,org.apache.commons.net.ftp.parser.FTPTimestampParserImpl,getEntry
905643,org.apache.commons.net.ftp.parser.FTPTimestampParserImpl,setRecentDateFormat
9352,org.apache.commons.net.ftp.parser.VMSFTPEntryParser,getDefaultConfiguration
1462,org.apache.commons.net.ftp.FTPClientConfig,getServerLanguageCode
1461,org.apache.commons.net.ftp.FTPClientConfig,getShortMonthNames
8767,org.apache.commons.net.ftp.FTPClientConfig,lookupDateFormatSymbols
1461,org.apache.commons.net.ftp.FTPClientConfig,getRecentDateFormatStr
1461,org.apache.commons.net.ftp.parser.FTPTimestampParserImpl,getEntry
678574,org.apache.commons.net.ftp.parser.FTPTimestampParserImpl,setRecentDateFormat
2922,org.apache.commons.net.ftp.FTPClientConfig,getDefaultDateFormatStr
1461,org.apache.commons.net.ftp.parser.FTPTimestampParserImpl,indexOf
619542,org.apache.commons.net.ftp.parser.FTPTimestampParserImpl,getEntry
1209569,org.apache.commons.net.ftp.parser.FTPTimestampParserImpl,setDefaultDateFormat
1754,org.apache.commons.net.ftp.FTPClientConfig,getServerTimeZoneId
9643,org.apache.commons.net.ftp.parser.FTPTimestampParserImpl,setServerTimeZone
1753,org.apache.commons.net.ftp.FTPClientConfig,isLenientFutureDates
319999,org.apache.commons.net.ftp.parser.FTPTimestampParserImpl,configure
577168,org.apache.commons.net.ftp.parser.ConfigurableFTPFileEntryParserImpl,configure
2046,org.apache.commons.net.ftp.parser.VMSFTPEntryParser,getDefaultConfiguration
876,org.apache.commons.net.ftp.FTPClientConfig,getServerLanguageCode
1462,org.apache.commons.net.ftp.FTPClientConfig,getShortMonthNames
9059,org.apache.commons.net.ftp.FTPClientConfig,lookupDateFormatSymbols
1753,org.apache.commons.net.ftp.FTPClientConfig,getRecentDateFormatStr
1461,org.apache.commons.net.ftp.parser.FTPTimestampParserImpl,getEntry
329643,org.apache.commons.net.ftp.parser.FTPTimestampParserImpl,setRecentDateFormat
2045,org.apache.commons.net.ftp.FTPClientConfig,getDefaultDateFormatStr
1461,org.apache.commons.net.ftp.parser.FTPTimestampParserImpl,indexOf
209242,org.apache.commons.net.ftp.parser.FTPTimestampParserImpl,getEntry
602301,org.apache.commons.net.ftp.parser.FTPTimestampParserImpl,setDefaultDateFormat
2630,org.apache.commons.net.ftp.FTPClientConfig,getServerTimeZoneId
7306,org.apache.commons.net.ftp.parser.FTPTimestampParserImpl,setServerTimeZone
284055,org.apache.commons.net.ftp.FTPClientConfig,isLenientFutureDates
775890,org.apache.commons.net.ftp.parser.FTPTimestampParserImpl,configure
2185934,org.apache.commons.net.ftp.parser.ConfigurableFTPFileEntryParserImpl,configure
1753,org.apache.commons.net.ftp.parser.VMSFTPEntryParser,getDefaultConfiguration
584,org.apache.commons.net.ftp.FTPClientConfig,getServerLanguageCode
1169,org.apache.commons.net.ftp.FTPClientConfig,getShortMonthNames
7598,org.apache.commons.net.ftp.FTPClientConfig,lookupDateFormatSymbols
25717,org.apache.commons.net.ftp.FTPClientConfig,getRecentDateFormatStr
876,org.apache.commons.net.ftp.parser.FTPTimestampParserImpl,getEntry
373771,org.apache.commons.net.ftp.parser.FTPTimestampParserImpl,setRecentDateFormat
20749,org.apache.commons.net.ftp.FTPClientConfig,getDefaultDateFormatStr
877,org.apache.commons.net.ftp.parser.FTPTimestampParserImpl,indexOf
190247,org.apache.commons.net.ftp.parser.FTPTimestampParserImpl,getEntry
474886,org.apache.commons.net.ftp.parser.FTPTimestampParserImpl,setDefaultDateFormat
877,org.apache.commons.net.ftp.FTPClientConfig,getServerTimeZoneId
4091,org.apache.commons.net.ftp.parser.FTPTimestampParserImpl,setServerTimeZone
877,org.apache.commons.net.ftp.FTPClientConfig,isLenientFutureDates
248402,org.apache.commons.net.ftp.parser.FTPTimestampParserImpl,configure
519306,org.apache.commons.net.ftp.parser.ConfigurableFTPFileEntryParserImpl,configure
767123,org.apache.commons.net.ftp.parser.DefaultFTPFileEntryParserFactory,createFileEntryParser
1007926,org.apache.commons.net.ftp.parser.DefaultFTPFileEntryParserFactory,createFileEntryParser
1315944,org.apache.commons.net.ftp.FTPClient,__createParser
2338,org.apache.commons.net.ftp.FTPClient,getEntryParser
1169,org.apache.commons.net.ftp.FTPClient,__createParser
877,org.apache.commons.net.ftp.FTPClient,getEntryParser
322337,org.apache.commons.net.ftp.parser.RegexFTPFileEntryParserImpl,compileRegex
1169,org.apache.commons.net.ftp.parser.FTPTimestampParserImpl,indexOf
1152583,org.apache.commons.net.ftp.parser.FTPTimestampParserImpl,getEntry
2024327,org.apache.commons.net.ftp.parser.FTPTimestampParserImpl,setDefaultDateFormat
69552,org.apache.commons.net.ftp.parser.FTPTimestampParserImpl,indexOf
850410,org.apache.commons.net.ftp.parser.FTPTimestampParserImpl,getEntry
1458847,org.apache.commons.net.ftp.parser.FTPTimestampParserImpl,setRecentDateFormat
8475,org.apache.commons.net.ftp.parser.UnixFTPEntryParser,getDefaultConfiguration
585,org.apache.commons.net.ftp.FTPClientConfig,getServerLanguageCode
877,org.apache.commons.net.ftp.FTPClientConfig,getShortMonthNames
5553,org.apache.commons.net.ftp.FTPClientConfig,lookupDateFormatSymbols
876,org.apache.commons.net.ftp.FTPClientConfig,getRecentDateFormatStr
1168,org.apache.commons.net.ftp.parser.FTPTimestampParserImpl,indexOf
639122,org.apache.commons.net.ftp.parser.FTPTimestampParserImpl,getEntry
987469,org.apache.commons.net.ftp.parser.FTPTimestampParserImpl,setRecentDateFormat
877,org.apache.commons.net.ftp.FTPClientConfig,getDefaultDateFormatStr
877,org.apache.commons.net.ftp.parser.FTPTimestampParserImpl,indexOf
286100,org.apache.commons.net.ftp.parser.FTPTimestampParserImpl,getEntry
564602,org.apache.commons.net.ftp.parser.FTPTimestampParserImpl,setDefaultDateFormat
877,org.apache.commons.net.ftp.FTPClientConfig,getServerTimeZoneId
4384,org.apache.commons.net.ftp.parser.FTPTimestampParserImpl,setServerTimeZone
877,org.apache.commons.net.ftp.FTPClientConfig,isLenientFutureDates
241680,org.apache.commons.net.ftp.parser.FTPTimestampParserImpl,configure
476054,org.apache.commons.net.ftp.parser.ConfigurableFTPFileEntryParserImpl,configure
47050,org.apache.commons.net.ftp.parser.UnixFTPEntryParser,getDefaultConfiguration
584,org.apache.commons.net.ftp.FTPClientConfig,getServerLanguageCode
877,org.apache.commons.net.ftp.FTPClientConfig,getShortMonthNames
26886,org.apache.commons.net.ftp.FTPClientConfig,lookupDateFormatSymbols
585,org.apache.commons.net.ftp.FTPClientConfig,getRecentDateFormatStr
1169,org.apache.commons.net.ftp.parser.FTPTimestampParserImpl,indexOf
253369,org.apache.commons.net.ftp.parser.FTPTimestampParserImpl,getEntry
466994,org.apache.commons.net.ftp.parser.FTPTimestampParserImpl,setRecentDateFormat
877,org.apache.commons.net.ftp.FTPClientConfig,getDefaultDateFormatStr
876,org.apache.commons.net.ftp.parser.FTPTimestampParserImpl,indexOf
171251,org.apache.commons.net.ftp.parser.FTPTimestampParserImpl,getEntry
408839,org.apache.commons.net.ftp.parser.FTPTimestampParserImpl,setDefaultDateFormat
877,org.apache.commons.net.ftp.FTPClientConfig,getServerTimeZoneId
4384,org.apache.commons.net.ftp.parser.FTPTimestampParserImpl,setServerTimeZone
876,org.apache.commons.net.ftp.FTPClientConfig,isLenientFutureDates
268858,org.apache.commons.net.ftp.parser.FTPTimestampParserImpl,configure
732346,org.apache.commons.net.ftp.parser.ConfigurableFTPFileEntryParserImpl,configure
924930,org.apache.commons.net.ftp.parser.DefaultFTPFileEntryParserFactory,createFileEntryParser
1161642,org.apache.commons.net.ftp.parser.DefaultFTPFileEntryParserFactory,createFileEntryParser
1396308,org.apache.commons.net.ftp.FTPClient,__createParser
585,org.apache.commons.net.ftp.FTPClient,getEntryParser
253662,org.apache.commons.net.ftp.FTPClientTest,testParserCachingWithKey
2046,org.apache.commons.net.SocketClient,setDefaultPort
1169,org.apache.commons.net.ftp.FTPClient,__initDefaults
3214,org.apache.commons.net.ftp.FTPClientTest$LocalClient,setSystemType
1169,org.apache.commons.net.ftp.FTPClient,getEntryParser
17242,org.apache.commons.net.ftp.FTPClientTest$LocalClient,getSystemType
718319,org.apache.commons.net.ftp.FTPClient,getOverrideProperties
417314,org.apache.commons.net.ftp.parser.RegexFTPFileEntryParserImpl,compileRegex
1169,org.apache.commons.net.ftp.parser.FTPTimestampParserImpl,indexOf
225023,org.apache.commons.net.ftp.parser.FTPTimestampParserImpl,getEntry
879341,org.apache.commons.net.ftp.parser.FTPTimestampParserImpl,setDefaultDateFormat
877,org.apache.commons.net.ftp.parser.FTPTimestampParserImpl,indexOf
213626,org.apache.commons.net.ftp.parser.FTPTimestampParserImpl,getEntry
537716,org.apache.commons.net.ftp.parser.FTPTimestampParserImpl,setRecentDateFormat
2045,org.apache.commons.net.ftp.parser.UnixFTPEntryParser,getDefaultConfiguration
585,org.apache.commons.net.ftp.FTPClientConfig,getServerLanguageCode
876,org.apache.commons.net.ftp.FTPClientConfig,getShortMonthNames
228821,org.apache.commons.net.ftp.FTPClientConfig,lookupDateFormatSymbols
876,org.apache.commons.net.ftp.FTPClientConfig,getRecentDateFormatStr
876,org.apache.commons.net.ftp.parser.FTPTimestampParserImpl,indexOf
535086,org.apache.commons.net.ftp.parser.FTPTimestampParserImpl,getEntry
1130373,org.apache.commons.net.ftp.parser.FTPTimestampParserImpl,setRecentDateFormat
1169,org.apache.commons.net.ftp.FTPClientConfig,getDefaultDateFormatStr
1169,org.apache.commons.net.ftp.parser.FTPTimestampParserImpl,indexOf
1273862,org.apache.commons.net.ftp.parser.FTPTimestampParserImpl,getEntry
1948053,org.apache.commons.net.ftp.parser.FTPTimestampParserImpl,setDefaultDateFormat
876,org.apache.commons.net.ftp.FTPClientConfig,getServerTimeZoneId
9644,org.apache.commons.net.ftp.parser.FTPTimestampParserImpl,setServerTimeZone
876,org.apache.commons.net.ftp.FTPClientConfig,isLenientFutureDates
735268,org.apache.commons.net.ftp.parser.FTPTimestampParserImpl,configure
1096473,org.apache.commons.net.ftp.parser.ConfigurableFTPFileEntryParserImpl,configure
1754,org.apache.commons.net.ftp.parser.UnixFTPEntryParser,getDefaultConfiguration
585,org.apache.commons.net.ftp.FTPClientConfig,getServerLanguageCode
585,org.apache.commons.net.ftp.FTPClientConfig,getShortMonthNames
22210,org.apache.commons.net.ftp.FTPClientConfig,lookupDateFormatSymbols
584,org.apache.commons.net.ftp.FTPClientConfig,getRecentDateFormatStr
1169,org.apache.commons.net.ftp.parser.FTPTimestampParserImpl,indexOf
218009,org.apache.commons.net.ftp.parser.FTPTimestampParserImpl,getEntry
586227,org.apache.commons.net.ftp.parser.FTPTimestampParserImpl,setRecentDateFormat
1754,org.apache.commons.net.ftp.FTPClientConfig,getDefaultDateFormatStr
1169,org.apache.commons.net.ftp.parser.FTPTimestampParserImpl,indexOf
260091,org.apache.commons.net.ftp.parser.FTPTimestampParserImpl,getEntry
504694,org.apache.commons.net.ftp.parser.FTPTimestampParserImpl,setDefaultDateFormat
876,org.apache.commons.net.ftp.FTPClientConfig,getServerTimeZoneId
20749,org.apache.commons.net.ftp.parser.FTPTimestampParserImpl,setServerTimeZone
877,org.apache.commons.net.ftp.FTPClientConfig,isLenientFutureDates
275580,org.apache.commons.net.ftp.parser.FTPTimestampParserImpl,configure
525150,org.apache.commons.net.ftp.parser.ConfigurableFTPFileEntryParserImpl,configure
805990,org.apache.commons.net.ftp.parser.DefaultFTPFileEntryParserFactory,createFileEntryParser
1045917,org.apache.commons.net.ftp.parser.DefaultFTPFileEntryParserFactory,createFileEntryParser
1283506,org.apache.commons.net.ftp.FTPClient,__createParser
876,org.apache.commons.net.ftp.FTPClient,getEntryParser
1169,org.apache.commons.net.ftp.FTPClient,__createParser
1169,org.apache.commons.net.ftp.FTPClient,getEntryParser
1169,org.apache.commons.net.ftp.FTPClientTest$LocalClient,setSystemType
1461,org.apache.commons.net.ftp.FTPClient,__createParser
877,org.apache.commons.net.ftp.FTPClient,getEntryParser
317370,org.apache.commons.net.ftp.FTPClientTest,testParserCachingNullKey
151379,org.apache.commons.net.ftp.parser.RegexFTPFileEntryParserImpl,compileRegex
877,org.apache.commons.net.ftp.parser.FTPTimestampParserImpl,indexOf
234959,org.apache.commons.net.ftp.parser.FTPTimestampParserImpl,getEntry
824985,org.apache.commons.net.ftp.parser.FTPTimestampParserImpl,setDefaultDateFormat
877,org.apache.commons.net.ftp.parser.FTPTimestampParserImpl,indexOf
1638282,org.apache.commons.net.ftp.parser.FTPTimestampParserImpl,getEntry
2055012,org.apache.commons.net.ftp.parser.FTPTimestampParserImpl,setRecentDateFormat
2045,org.apache.commons.net.ftp.parser.UnixFTPEntryParser,getDefaultConfiguration
877,org.apache.commons.net.ftp.FTPClientConfig,getServerLanguageCode
877,org.apache.commons.net.ftp.FTPClientConfig,getShortMonthNames
5553,org.apache.commons.net.ftp.FTPClientConfig,lookupDateFormatSymbols
877,org.apache.commons.net.ftp.FTPClientConfig,getRecentDateFormatStr
876,org.apache.commons.net.ftp.parser.FTPTimestampParserImpl,indexOf
316785,org.apache.commons.net.ftp.parser.FTPTimestampParserImpl,getEntry
642629,org.apache.commons.net.ftp.parser.FTPTimestampParserImpl,setRecentDateFormat
20749,org.apache.commons.net.ftp.FTPClientConfig,getDefaultDateFormatStr
1169,org.apache.commons.net.ftp.parser.FTPTimestampParserImpl,indexOf
502940,org.apache.commons.net.ftp.parser.FTPTimestampParserImpl,getEntry
973734,org.apache.commons.net.ftp.parser.FTPTimestampParserImpl,setDefaultDateFormat
876,org.apache.commons.net.ftp.FTPClientConfig,getServerTimeZoneId
5553,org.apache.commons.net.ftp.parser.FTPTimestampParserImpl,setServerTimeZone
1169,org.apache.commons.net.ftp.FTPClientConfig,isLenientFutureDates
245480,org.apache.commons.net.ftp.parser.FTPTimestampParserImpl,configure
568402,org.apache.commons.net.ftp.parser.ConfigurableFTPFileEntryParserImpl,configure
2630,org.apache.commons.net.ftp.FTPClientConfig,getUnparseableEntries
2630,org.apache.commons.net.ftp.FTPClientConfig,setUnparseableEntries
7306,org.apache.commons.net.util.Charsets,toCharset
478977,org.apache.commons.net.ftp.FTPFileEntryParserImpl,readNextEntry
7014,org.apache.commons.net.ftp.FTPFileEntryParserImpl,readNextEntry
573953,org.apache.commons.net.ftp.FTPFileEntryParserImpl,readNextEntry
3174279,org.apache.commons.net.ftp.FTPListParseEngine,readStream
256876,org.apache.commons.net.ftp.parser.UnixFTPEntryParser,preParse
17279395,org.apache.commons.net.ftp.FTPListParseEngine,resetIterator
21317527,org.apache.commons.net.ftp.FTPListParseEngine,readServerList
4968,org.apache.commons.net.ftp.FTPFile,setRawListing
215671,org.apache.commons.net.ftp.parser.RegexFTPFileEntryParserImpl,matches
35069,org.apache.commons.net.ftp.parser.RegexFTPFileEntryParserImpl,group
2045,org.apache.commons.net.ftp.parser.RegexFTPFileEntryParserImpl,group
2338,org.apache.commons.net.ftp.parser.RegexFTPFileEntryParserImpl,group
17827,org.apache.commons.net.ftp.parser.RegexFTPFileEntryParserImpl,group
1461,org.apache.commons.net.ftp.parser.RegexFTPFileEntryParserImpl,group
1461,org.apache.commons.net.ftp.parser.RegexFTPFileEntryParserImpl,group
2046,org.apache.commons.net.ftp.parser.RegexFTPFileEntryParserImpl,group
1753,org.apache.commons.net.ftp.parser.RegexFTPFileEntryParserImpl,group
2046,org.apache.commons.net.ftp.parser.RegexFTPFileEntryParserImpl,group
7598,org.apache.commons.net.ftp.parser.FTPTimestampParserImpl,getServerTimeZone
38575,org.apache.commons.net.ftp.parser.FTPTimestampParserImpl,getServerTimeZone
8767,org.apache.commons.net.ftp.parser.FTPTimestampParserImpl,setPrecision
554958,org.apache.commons.net.ftp.parser.FTPTimestampParserImpl,parseTimestamp
990391,org.apache.commons.net.ftp.parser.FTPTimestampParserImpl,parseTimestamp
1405953,org.apache.commons.net.ftp.parser.ConfigurableFTPFileEntryParserImpl,parseTimestamp
4091,org.apache.commons.net.ftp.FTPFile,setTimestamp
5261,org.apache.commons.net.ftp.FTPFile,setType
2338,org.apache.commons.net.ftp.parser.RegexFTPFileEntryParserImpl,group
4384,org.apache.commons.net.ftp.FTPFile,setPermission
2922,org.apache.commons.net.ftp.parser.RegexFTPFileEntryParserImpl,group
1169,org.apache.commons.net.ftp.FTPFile,setPermission
1169,org.apache.commons.net.ftp.parser.RegexFTPFileEntryParserImpl,group
18411,org.apache.commons.net.ftp.FTPFile,setPermission
1754,org.apache.commons.net.ftp.parser.RegexFTPFileEntryParserImpl,group
26886,org.apache.commons.net.ftp.FTPFile,setPermission
1753,org.apache.commons.net.ftp.parser.RegexFTPFileEntryParserImpl,group
1169,org.apache.commons.net.ftp.FTPFile,setPermission
1169,org.apache.commons.net.ftp.parser.RegexFTPFileEntryParserImpl,group
1169,org.apache.commons.net.ftp.FTPFile,setPermission
1461,org.apache.commons.net.ftp.parser.RegexFTPFileEntryParserImpl,group
876,org.apache.commons.net.ftp.FTPFile,setPermission
1461,org.apache.commons.net.ftp.parser.RegexFTPFileEntryParserImpl,group
1169,org.apache.commons.net.ftp.FTPFile,setPermission
1753,org.apache.commons.net.ftp.parser.RegexFTPFileEntryParserImpl,group
1169,org.apache.commons.net.ftp.FTPFile,setPermission
4676,org.apache.commons.net.ftp.FTPFile,setHardLinkCount
3799,org.apache.commons.net.ftp.FTPFile,setUser
3506,org.apache.commons.net.ftp.FTPFile,setGroup
3506,org.apache.commons.net.ftp.FTPFile,setSize
4091,org.apache.commons.net.ftp.FTPFile,setName
548529,org.apache.commons.net.ftp.parser.UnixFTPEntryParser,parseFTPEntry
4091,org.apache.commons.net.ftp.FTPFileFilters$2,accept
877,org.apache.commons.net.ftp.FTPFile,setRawListing
6721,org.apache.commons.net.ftp.parser.RegexFTPFileEntryParserImpl,matches
981040,org.apache.commons.net.ftp.parser.UnixFTPEntryParser,parseFTPEntry
1461,org.apache.commons.net.ftp.FTPFileFilters$2,accept
420529,org.apache.commons.net.ftp.FTPListParseEngine,getFiles
596164,org.apache.commons.net.ftp.FTPListParseEngine,getFiles
1753,org.apache.commons.net.ftp.FTPClientConfig,setUnparseableEntries
1169,org.apache.commons.net.ftp.FTPClientConfig,getUnparseableEntries
1169,org.apache.commons.net.util.Charsets,toCharset
33899,org.apache.commons.net.ftp.FTPFileEntryParserImpl,readNextEntry
22210,org.apache.commons.net.ftp.FTPFileEntryParserImpl,readNextEntry
29224,org.apache.commons.net.ftp.FTPFileEntryParserImpl,readNextEntry
232913,org.apache.commons.net.ftp.FTPListParseEngine,readStream
62539,org.apache.commons.net.ftp.parser.UnixFTPEntryParser,preParse
1461,org.apache.commons.net.ftp.FTPListParseEngine,resetIterator
1686501,org.apache.commons.net.ftp.FTPListParseEngine,readServerList
292,org.apache.commons.net.ftp.FTPFile,setRawListing
73936,org.apache.commons.net.ftp.parser.RegexFTPFileEntryParserImpl,matches
1169,org.apache.commons.net.ftp.parser.RegexFTPFileEntryParserImpl,group
1754,org.apache.commons.net.ftp.parser.RegexFTPFileEntryParserImpl,group
1461,org.apache.commons.net.ftp.parser.RegexFTPFileEntryParserImpl,group
1169,org.apache.commons.net.ftp.parser.RegexFTPFileEntryParserImpl,group
1169,org.apache.commons.net.ftp.parser.RegexFTPFileEntryParserImpl,group
1169,org.apache.commons.net.ftp.parser.RegexFTPFileEntryParserImpl,group
1169,org.apache.commons.net.ftp.parser.RegexFTPFileEntryParserImpl,group
1169,org.apache.commons.net.ftp.parser.RegexFTPFileEntryParserImpl,group
1168,org.apache.commons.net.ftp.parser.RegexFTPFileEntryParserImpl,group
2045,org.apache.commons.net.ftp.parser.FTPTimestampParserImpl,getServerTimeZone
1754,org.apache.commons.net.ftp.parser.FTPTimestampParserImpl,getServerTimeZone
1753,org.apache.commons.net.ftp.parser.FTPTimestampParserImpl,setPrecision
153424,org.apache.commons.net.ftp.parser.FTPTimestampParserImpl,parseTimestamp
417314,org.apache.commons.net.ftp.parser.FTPTimestampParserImpl,parseTimestamp
648766,org.apache.commons.net.ftp.parser.ConfigurableFTPFileEntryParserImpl,parseTimestamp
877,org.apache.commons.net.ftp.FTPFile,setTimestamp
877,org.apache.commons.net.ftp.FTPFile,setType
1169,org.apache.commons.net.ftp.parser.RegexFTPFileEntryParserImpl,group
877,org.apache.commons.net.ftp.FTPFile,setPermission
1169,org.apache.commons.net.ftp.parser.RegexFTPFileEntryParserImpl,group
877,org.apache.commons.net.ftp.FTPFile,setPermission
1169,org.apache.commons.net.ftp.parser.RegexFTPFileEntryParserImpl,group
877,org.apache.commons.net.ftp.FTPFile,setPermission
1461,org.apache.commons.net.ftp.parser.RegexFTPFileEntryParserImpl,group
876,org.apache.commons.net.ftp.FTPFile,setPermission
1169,org.apache.commons.net.ftp.parser.RegexFTPFileEntryParserImpl,group
585,org.apache.commons.net.ftp.FTPFile,setPermission
1169,org.apache.commons.net.ftp.parser.RegexFTPFileEntryParserImpl,group
16950,org.apache.commons.net.ftp.FTPFile,setPermission
1169,org.apache.commons.net.ftp.parser.RegexFTPFileEntryParserImpl,group
1753,org.apache.commons.net.ftp.FTPFile,setPermission
2046,org.apache.commons.net.ftp.parser.RegexFTPFileEntryParserImpl,group
1169,org.apache.commons.net.ftp.FTPFile,setPermission
2338,org.apache.commons.net.ftp.parser.RegexFTPFileEntryParserImpl,group
1461,org.apache.commons.net.ftp.FTPFile,setPermission
876,org.apache.commons.net.ftp.FTPFile,setHardLinkCount
585,org.apache.commons.net.ftp.FTPFile,setUser
877,org.apache.commons.net.ftp.FTPFile,setGroup
877,org.apache.commons.net.ftp.FTPFile,setSize
877,org.apache.commons.net.ftp.FTPFile,setName
231452,org.apache.commons.net.ftp.parser.UnixFTPEntryParser,parseFTPEntry
877,org.apache.commons.net.ftp.FTPFileFilters$2,accept
584,org.apache.commons.net.ftp.FTPFile,setRawListing
33899,org.apache.commons.net.ftp.parser.RegexFTPFileEntryParserImpl,matches
272657,org.apache.commons.net.ftp.parser.UnixFTPEntryParser,parseFTPEntry
877,org.apache.commons.net.ftp.FTPFileFilters$2,accept
200767,org.apache.commons.net.ftp.FTPListParseEngine,getFiles
424913,org.apache.commons.net.ftp.FTPListParseEngine,getFiles
1008802,org.apache.commons.net.ftp.FTPClientTest,testUnparseableFiles
