8183,org.apache.commons.net.ftp.FTPClientConfig,getServerSystemKey
6429,org.apache.commons.net.ftp.FTPClientConfig,getDefaultDateFormatStr
5260,org.apache.commons.net.ftp.FTPClientConfig,getRecentDateFormatStr
5845,org.apache.commons.net.ftp.FTPClientConfig,getShortMonthNames
4091,org.apache.commons.net.ftp.FTPClientConfig,getServerTimeZoneId
5260,org.apache.commons.net.ftp.FTPClientConfig,getServerLanguageCode
960291,org.apache.commons.net.ftp.FTPClientConfigTest,testFTPClientConfigStringStringStringStringStringString
28931,org.apache.commons.net.ftp.FTPClientConfig,splitShortMonthString
994775,org.apache.commons.net.ftp.FTPClientConfig,getDateFormatSymbols
1942792,org.apache.commons.net.ftp.FTPClientConfig,lookupDateFormatSymbols
1439560,org.apache.commons.net.ftp.FTPClientConfig,lookupDateFormatSymbols
7014,org.apache.commons.net.ftp.FTPClientConfig,lookupDateFormatSymbols
6137,org.apache.commons.net.ftp.FTPClientConfig,lookupDateFormatSymbols
3882954,org.apache.commons.net.ftp.FTPClientConfigTest,testLookupDateFormatSymbols
37699,org.apache.commons.net.ftp.FTPClientConfig,splitShortMonthString
446246,org.apache.commons.net.ftp.FTPClientConfig,getDateFormatSymbols
14904,org.apache.commons.net.ftp.FTPClientConfig,splitShortMonthString
416438,org.apache.commons.net.ftp.FTPClientConfig,getDateFormatSymbols
24840,org.apache.commons.net.ftp.FTPClientConfig,splitShortMonthString
419068,org.apache.commons.net.ftp.FTPClientConfig,getDateFormatSymbols
11982,org.apache.commons.net.ftp.FTPClientConfig,splitShortMonthString
712767,org.apache.commons.net.ftp.FTPClientConfig,getDateFormatSymbols
2126902,org.apache.commons.net.ftp.FTPClientConfigTest,testGetDateFormatSymbols
4968,org.apache.commons.net.ftp.FTPClientConfigTest,testGetServerLanguageCode
2045,org.apache.commons.net.ftp.FTPClientConfig,getServerSystemKey
2630,org.apache.commons.net.ftp.FTPClientConfig,getDefaultDateFormatStr
45588,org.apache.commons.net.ftp.FTPClientConfig,getRecentDateFormatStr
2338,org.apache.commons.net.ftp.FTPClientConfig,getShortMonthNames
5845,org.apache.commons.net.ftp.FTPClientConfig,getServerTimeZoneId
47927,org.apache.commons.net.ftp.FTPClientConfig,getServerLanguageCode
479561,org.apache.commons.net.ftp.FTPClientConfigTest,testFTPClientConfigString
5553,org.apache.commons.net.ftp.FTPClientConfigTest,testSetShortMonthNames
