org.apache.commons.net.ftp.FTPClientTest->org.apache.commons.net.ftp.FTPClient.__parsePathname
org.apache.commons.net.ftp.FTPClientTest->org.apache.commons.net.ftp.FTPClient.__parsePathname
org.apache.commons.net.ftp.FTPClientTest->org.apache.commons.net.ftp.FTPClient.__parsePathname
org.apache.commons.net.ftp.FTPClientTest->org.apache.commons.net.ftp.FTPClient.__parsePathname
org.apache.commons.net.ftp.FTPClientTest->org.apache.commons.net.ftp.FTPClient.__parsePathname
org.apache.commons.net.ftp.FTPClientTest->org.apache.commons.net.ftp.FTPClient.__parsePathname
org.apache.commons.net.ftp.FTPClientTest->org.apache.commons.net.ftp.FTPClient.__parsePathname
org.apache.commons.net.ftp.FTPClientTest->org.apache.commons.net.ftp.FTPClient.__parsePathname
org.apache.commons.net.ftp.FTP->org.apache.commons.net.ftp.FTP.setDefaultPort
org.apache.commons.net.ftp.FTPClient->org.apache.commons.net.ftp.FTPClient.__initDefaults
org.apache.commons.net.ftp.FTPClientTest->org.apache.commons.net.ftp.FTPClient.getEntryParser
org.apache.commons.net.ftp.FTPClientTest->org.apache.commons.net.ftp.FTPClient.__createParser
org.apache.commons.net.ftp.FTPClient->org.apache.commons.net.ftp.parser.FTPFileEntryParserFactory.createFileEntryParser
org.apache.commons.net.ftp.parser.DefaultFTPFileEntryParserFactory->org.apache.commons.net.ftp.parser.DefaultFTPFileEntryParserFactory.createFileEntryParser
org.apache.commons.net.ftp.parser.RegexFTPFileEntryParserImpl->org.apache.commons.net.ftp.parser.RegexFTPFileEntryParserImpl.compileRegex
org.apache.commons.net.ftp.parser.FTPTimestampParserImpl->org.apache.commons.net.ftp.parser.FTPTimestampParserImpl.setDefaultDateFormat
org.apache.commons.net.ftp.parser.FTPTimestampParserImpl->org.apache.commons.net.ftp.parser.FTPTimestampParserImpl.getEntry
org.apache.commons.net.ftp.parser.FTPTimestampParserImpl->org.apache.commons.net.ftp.parser.FTPTimestampParserImpl.indexOf
org.apache.commons.net.ftp.parser.FTPTimestampParserImpl->org.apache.commons.net.ftp.parser.FTPTimestampParserImpl.setRecentDateFormat
org.apache.commons.net.ftp.parser.FTPTimestampParserImpl->org.apache.commons.net.ftp.parser.FTPTimestampParserImpl.getEntry
org.apache.commons.net.ftp.parser.FTPTimestampParserImpl->org.apache.commons.net.ftp.parser.FTPTimestampParserImpl.indexOf
org.apache.commons.net.ftp.parser.UnixFTPEntryParser->org.apache.commons.net.ftp.parser.UnixFTPEntryParser.configure
org.apache.commons.net.ftp.parser.ConfigurableFTPFileEntryParserImpl->org.apache.commons.net.ftp.parser.ConfigurableFTPFileEntryParserImpl.getDefaultConfiguration
org.apache.commons.net.ftp.parser.ConfigurableFTPFileEntryParserImpl->org.apache.commons.net.ftp.Configurable.configure
org.apache.commons.net.ftp.parser.FTPTimestampParserImpl->org.apache.commons.net.ftp.FTPClientConfig.getServerLanguageCode
org.apache.commons.net.ftp.parser.FTPTimestampParserImpl->org.apache.commons.net.ftp.FTPClientConfig.getShortMonthNames
org.apache.commons.net.ftp.parser.FTPTimestampParserImpl->org.apache.commons.net.ftp.FTPClientConfig.lookupDateFormatSymbols
org.apache.commons.net.ftp.parser.FTPTimestampParserImpl->org.apache.commons.net.ftp.FTPClientConfig.getRecentDateFormatStr
org.apache.commons.net.ftp.parser.FTPTimestampParserImpl->org.apache.commons.net.ftp.parser.FTPTimestampParserImpl.setRecentDateFormat
org.apache.commons.net.ftp.parser.FTPTimestampParserImpl->org.apache.commons.net.ftp.parser.FTPTimestampParserImpl.getEntry
org.apache.commons.net.ftp.parser.FTPTimestampParserImpl->org.apache.commons.net.ftp.parser.FTPTimestampParserImpl.indexOf
org.apache.commons.net.ftp.parser.FTPTimestampParserImpl->org.apache.commons.net.ftp.FTPClientConfig.getDefaultDateFormatStr
org.apache.commons.net.ftp.parser.FTPTimestampParserImpl->org.apache.commons.net.ftp.parser.FTPTimestampParserImpl.setDefaultDateFormat
org.apache.commons.net.ftp.parser.FTPTimestampParserImpl->org.apache.commons.net.ftp.parser.FTPTimestampParserImpl.getEntry
org.apache.commons.net.ftp.parser.FTPTimestampParserImpl->org.apache.commons.net.ftp.parser.FTPTimestampParserImpl.indexOf
org.apache.commons.net.ftp.parser.FTPTimestampParserImpl->org.apache.commons.net.ftp.FTPClientConfig.getServerTimeZoneId
org.apache.commons.net.ftp.parser.FTPTimestampParserImpl->org.apache.commons.net.ftp.parser.FTPTimestampParserImpl.setServerTimeZone
org.apache.commons.net.ftp.parser.FTPTimestampParserImpl->org.apache.commons.net.ftp.FTPClientConfig.isLenientFutureDates
org.apache.commons.net.ftp.parser.DefaultFTPFileEntryParserFactory->org.apache.commons.net.ftp.Configurable.configure
org.apache.commons.net.ftp.parser.ConfigurableFTPFileEntryParserImpl->org.apache.commons.net.ftp.parser.ConfigurableFTPFileEntryParserImpl.getDefaultConfiguration
org.apache.commons.net.ftp.parser.ConfigurableFTPFileEntryParserImpl->org.apache.commons.net.ftp.Configurable.configure
org.apache.commons.net.ftp.parser.FTPTimestampParserImpl->org.apache.commons.net.ftp.FTPClientConfig.getServerLanguageCode
org.apache.commons.net.ftp.parser.FTPTimestampParserImpl->org.apache.commons.net.ftp.FTPClientConfig.getShortMonthNames
org.apache.commons.net.ftp.parser.FTPTimestampParserImpl->org.apache.commons.net.ftp.FTPClientConfig.lookupDateFormatSymbols
org.apache.commons.net.ftp.parser.FTPTimestampParserImpl->org.apache.commons.net.ftp.FTPClientConfig.getRecentDateFormatStr
org.apache.commons.net.ftp.parser.FTPTimestampParserImpl->org.apache.commons.net.ftp.parser.FTPTimestampParserImpl.setRecentDateFormat
org.apache.commons.net.ftp.parser.FTPTimestampParserImpl->org.apache.commons.net.ftp.parser.FTPTimestampParserImpl.getEntry
org.apache.commons.net.ftp.parser.FTPTimestampParserImpl->org.apache.commons.net.ftp.parser.FTPTimestampParserImpl.indexOf
org.apache.commons.net.ftp.parser.FTPTimestampParserImpl->org.apache.commons.net.ftp.FTPClientConfig.getDefaultDateFormatStr
org.apache.commons.net.ftp.parser.FTPTimestampParserImpl->org.apache.commons.net.ftp.parser.FTPTimestampParserImpl.setDefaultDateFormat
org.apache.commons.net.ftp.parser.FTPTimestampParserImpl->org.apache.commons.net.ftp.parser.FTPTimestampParserImpl.getEntry
org.apache.commons.net.ftp.parser.FTPTimestampParserImpl->org.apache.commons.net.ftp.parser.FTPTimestampParserImpl.indexOf
org.apache.commons.net.ftp.parser.FTPTimestampParserImpl->org.apache.commons.net.ftp.FTPClientConfig.getServerTimeZoneId
org.apache.commons.net.ftp.parser.FTPTimestampParserImpl->org.apache.commons.net.ftp.parser.FTPTimestampParserImpl.setServerTimeZone
org.apache.commons.net.ftp.parser.FTPTimestampParserImpl->org.apache.commons.net.ftp.FTPClientConfig.isLenientFutureDates
org.apache.commons.net.ftp.FTPClientTest->org.apache.commons.net.ftp.FTPClient.getEntryParser
org.apache.commons.net.ftp.FTPClientTest->org.apache.commons.net.ftp.FTPClient.__createParser
org.apache.commons.net.ftp.FTPClientTest->org.apache.commons.net.ftp.FTPClient.getEntryParser
org.apache.commons.net.ftp.FTPClientTest->org.apache.commons.net.ftp.FTPClient.__createParser
org.apache.commons.net.ftp.FTPClient->org.apache.commons.net.ftp.parser.FTPFileEntryParserFactory.createFileEntryParser
org.apache.commons.net.ftp.parser.DefaultFTPFileEntryParserFactory->org.apache.commons.net.ftp.parser.DefaultFTPFileEntryParserFactory.createFileEntryParser
org.apache.commons.net.ftp.parser.RegexFTPFileEntryParserImpl->org.apache.commons.net.ftp.parser.RegexFTPFileEntryParserImpl.compileRegex
org.apache.commons.net.ftp.parser.FTPTimestampParserImpl->org.apache.commons.net.ftp.parser.FTPTimestampParserImpl.setDefaultDateFormat
org.apache.commons.net.ftp.parser.FTPTimestampParserImpl->org.apache.commons.net.ftp.parser.FTPTimestampParserImpl.getEntry
org.apache.commons.net.ftp.parser.FTPTimestampParserImpl->org.apache.commons.net.ftp.parser.FTPTimestampParserImpl.indexOf
org.apache.commons.net.ftp.parser.FTPTimestampParserImpl->org.apache.commons.net.ftp.parser.FTPTimestampParserImpl.setRecentDateFormat
org.apache.commons.net.ftp.parser.FTPTimestampParserImpl->org.apache.commons.net.ftp.parser.FTPTimestampParserImpl.getEntry
org.apache.commons.net.ftp.parser.FTPTimestampParserImpl->org.apache.commons.net.ftp.parser.FTPTimestampParserImpl.indexOf
org.apache.commons.net.ftp.parser.VMSFTPEntryParser->org.apache.commons.net.ftp.parser.VMSFTPEntryParser.configure
org.apache.commons.net.ftp.parser.ConfigurableFTPFileEntryParserImpl->org.apache.commons.net.ftp.parser.ConfigurableFTPFileEntryParserImpl.getDefaultConfiguration
org.apache.commons.net.ftp.parser.ConfigurableFTPFileEntryParserImpl->org.apache.commons.net.ftp.Configurable.configure
org.apache.commons.net.ftp.parser.FTPTimestampParserImpl->org.apache.commons.net.ftp.FTPClientConfig.getServerLanguageCode
org.apache.commons.net.ftp.parser.FTPTimestampParserImpl->org.apache.commons.net.ftp.FTPClientConfig.getShortMonthNames
org.apache.commons.net.ftp.parser.FTPTimestampParserImpl->org.apache.commons.net.ftp.FTPClientConfig.lookupDateFormatSymbols
org.apache.commons.net.ftp.parser.FTPTimestampParserImpl->org.apache.commons.net.ftp.FTPClientConfig.getRecentDateFormatStr
org.apache.commons.net.ftp.parser.FTPTimestampParserImpl->org.apache.commons.net.ftp.parser.FTPTimestampParserImpl.setRecentDateFormat
org.apache.commons.net.ftp.parser.FTPTimestampParserImpl->org.apache.commons.net.ftp.parser.FTPTimestampParserImpl.getEntry
org.apache.commons.net.ftp.parser.FTPTimestampParserImpl->org.apache.commons.net.ftp.FTPClientConfig.getDefaultDateFormatStr
org.apache.commons.net.ftp.parser.FTPTimestampParserImpl->org.apache.commons.net.ftp.parser.FTPTimestampParserImpl.setDefaultDateFormat
org.apache.commons.net.ftp.parser.FTPTimestampParserImpl->org.apache.commons.net.ftp.parser.FTPTimestampParserImpl.getEntry
org.apache.commons.net.ftp.parser.FTPTimestampParserImpl->org.apache.commons.net.ftp.parser.FTPTimestampParserImpl.indexOf
org.apache.commons.net.ftp.parser.FTPTimestampParserImpl->org.apache.commons.net.ftp.FTPClientConfig.getServerTimeZoneId
org.apache.commons.net.ftp.parser.FTPTimestampParserImpl->org.apache.commons.net.ftp.parser.FTPTimestampParserImpl.setServerTimeZone
org.apache.commons.net.ftp.parser.FTPTimestampParserImpl->org.apache.commons.net.ftp.FTPClientConfig.isLenientFutureDates
org.apache.commons.net.ftp.parser.VMSVersioningFTPEntryParser->org.apache.commons.net.ftp.parser.VMSVersioningFTPEntryParser.configure
org.apache.commons.net.ftp.parser.ConfigurableFTPFileEntryParserImpl->org.apache.commons.net.ftp.parser.ConfigurableFTPFileEntryParserImpl.getDefaultConfiguration
org.apache.commons.net.ftp.parser.ConfigurableFTPFileEntryParserImpl->org.apache.commons.net.ftp.Configurable.configure
org.apache.commons.net.ftp.parser.FTPTimestampParserImpl->org.apache.commons.net.ftp.FTPClientConfig.getServerLanguageCode
org.apache.commons.net.ftp.parser.FTPTimestampParserImpl->org.apache.commons.net.ftp.FTPClientConfig.getShortMonthNames
org.apache.commons.net.ftp.parser.FTPTimestampParserImpl->org.apache.commons.net.ftp.FTPClientConfig.lookupDateFormatSymbols
org.apache.commons.net.ftp.parser.FTPTimestampParserImpl->org.apache.commons.net.ftp.FTPClientConfig.getRecentDateFormatStr
org.apache.commons.net.ftp.parser.FTPTimestampParserImpl->org.apache.commons.net.ftp.parser.FTPTimestampParserImpl.setRecentDateFormat
org.apache.commons.net.ftp.parser.FTPTimestampParserImpl->org.apache.commons.net.ftp.parser.FTPTimestampParserImpl.getEntry
org.apache.commons.net.ftp.parser.FTPTimestampParserImpl->org.apache.commons.net.ftp.FTPClientConfig.getDefaultDateFormatStr
org.apache.commons.net.ftp.parser.FTPTimestampParserImpl->org.apache.commons.net.ftp.parser.FTPTimestampParserImpl.setDefaultDateFormat
org.apache.commons.net.ftp.parser.FTPTimestampParserImpl->org.apache.commons.net.ftp.parser.FTPTimestampParserImpl.getEntry
org.apache.commons.net.ftp.parser.FTPTimestampParserImpl->org.apache.commons.net.ftp.parser.FTPTimestampParserImpl.indexOf
org.apache.commons.net.ftp.parser.FTPTimestampParserImpl->org.apache.commons.net.ftp.FTPClientConfig.getServerTimeZoneId
org.apache.commons.net.ftp.parser.FTPTimestampParserImpl->org.apache.commons.net.ftp.parser.FTPTimestampParserImpl.setServerTimeZone
org.apache.commons.net.ftp.parser.FTPTimestampParserImpl->org.apache.commons.net.ftp.FTPClientConfig.isLenientFutureDates
org.apache.commons.net.ftp.parser.DefaultFTPFileEntryParserFactory->org.apache.commons.net.ftp.Configurable.configure
org.apache.commons.net.ftp.parser.ConfigurableFTPFileEntryParserImpl->org.apache.commons.net.ftp.parser.ConfigurableFTPFileEntryParserImpl.getDefaultConfiguration
org.apache.commons.net.ftp.parser.ConfigurableFTPFileEntryParserImpl->org.apache.commons.net.ftp.Configurable.configure
org.apache.commons.net.ftp.parser.FTPTimestampParserImpl->org.apache.commons.net.ftp.FTPClientConfig.getServerLanguageCode
org.apache.commons.net.ftp.parser.FTPTimestampParserImpl->org.apache.commons.net.ftp.FTPClientConfig.getShortMonthNames
org.apache.commons.net.ftp.parser.FTPTimestampParserImpl->org.apache.commons.net.ftp.FTPClientConfig.lookupDateFormatSymbols
org.apache.commons.net.ftp.parser.FTPTimestampParserImpl->org.apache.commons.net.ftp.FTPClientConfig.getRecentDateFormatStr
org.apache.commons.net.ftp.parser.FTPTimestampParserImpl->org.apache.commons.net.ftp.parser.FTPTimestampParserImpl.setRecentDateFormat
org.apache.commons.net.ftp.parser.FTPTimestampParserImpl->org.apache.commons.net.ftp.parser.FTPTimestampParserImpl.getEntry
org.apache.commons.net.ftp.parser.FTPTimestampParserImpl->org.apache.commons.net.ftp.FTPClientConfig.getDefaultDateFormatStr
org.apache.commons.net.ftp.parser.FTPTimestampParserImpl->org.apache.commons.net.ftp.parser.FTPTimestampParserImpl.setDefaultDateFormat
org.apache.commons.net.ftp.parser.FTPTimestampParserImpl->org.apache.commons.net.ftp.parser.FTPTimestampParserImpl.getEntry
org.apache.commons.net.ftp.parser.FTPTimestampParserImpl->org.apache.commons.net.ftp.parser.FTPTimestampParserImpl.indexOf
org.apache.commons.net.ftp.parser.FTPTimestampParserImpl->org.apache.commons.net.ftp.FTPClientConfig.getServerTimeZoneId
org.apache.commons.net.ftp.parser.FTPTimestampParserImpl->org.apache.commons.net.ftp.parser.FTPTimestampParserImpl.setServerTimeZone
org.apache.commons.net.ftp.parser.FTPTimestampParserImpl->org.apache.commons.net.ftp.FTPClientConfig.isLenientFutureDates
org.apache.commons.net.ftp.FTPClientTest->org.apache.commons.net.ftp.FTPClient.getEntryParser
org.apache.commons.net.ftp.FTPClientTest->org.apache.commons.net.ftp.FTPClient.__createParser
org.apache.commons.net.ftp.FTPClientTest->org.apache.commons.net.ftp.FTPClient.getEntryParser
org.apache.commons.net.ftp.FTPClientTest->org.apache.commons.net.ftp.FTPClient.__createParser
org.apache.commons.net.ftp.FTPClient->org.apache.commons.net.ftp.parser.FTPFileEntryParserFactory.createFileEntryParser
org.apache.commons.net.ftp.parser.DefaultFTPFileEntryParserFactory->org.apache.commons.net.ftp.parser.DefaultFTPFileEntryParserFactory.createFileEntryParser
org.apache.commons.net.ftp.parser.RegexFTPFileEntryParserImpl->org.apache.commons.net.ftp.parser.RegexFTPFileEntryParserImpl.compileRegex
org.apache.commons.net.ftp.parser.FTPTimestampParserImpl->org.apache.commons.net.ftp.parser.FTPTimestampParserImpl.setDefaultDateFormat
org.apache.commons.net.ftp.parser.FTPTimestampParserImpl->org.apache.commons.net.ftp.parser.FTPTimestampParserImpl.getEntry
org.apache.commons.net.ftp.parser.FTPTimestampParserImpl->org.apache.commons.net.ftp.parser.FTPTimestampParserImpl.indexOf
org.apache.commons.net.ftp.parser.FTPTimestampParserImpl->org.apache.commons.net.ftp.parser.FTPTimestampParserImpl.setRecentDateFormat
org.apache.commons.net.ftp.parser.FTPTimestampParserImpl->org.apache.commons.net.ftp.parser.FTPTimestampParserImpl.getEntry
org.apache.commons.net.ftp.parser.FTPTimestampParserImpl->org.apache.commons.net.ftp.parser.FTPTimestampParserImpl.indexOf
org.apache.commons.net.ftp.parser.UnixFTPEntryParser->org.apache.commons.net.ftp.parser.UnixFTPEntryParser.configure
org.apache.commons.net.ftp.parser.ConfigurableFTPFileEntryParserImpl->org.apache.commons.net.ftp.parser.ConfigurableFTPFileEntryParserImpl.getDefaultConfiguration
org.apache.commons.net.ftp.parser.ConfigurableFTPFileEntryParserImpl->org.apache.commons.net.ftp.Configurable.configure
org.apache.commons.net.ftp.parser.FTPTimestampParserImpl->org.apache.commons.net.ftp.FTPClientConfig.getServerLanguageCode
org.apache.commons.net.ftp.parser.FTPTimestampParserImpl->org.apache.commons.net.ftp.FTPClientConfig.getShortMonthNames
org.apache.commons.net.ftp.parser.FTPTimestampParserImpl->org.apache.commons.net.ftp.FTPClientConfig.lookupDateFormatSymbols
org.apache.commons.net.ftp.parser.FTPTimestampParserImpl->org.apache.commons.net.ftp.FTPClientConfig.getRecentDateFormatStr
org.apache.commons.net.ftp.parser.FTPTimestampParserImpl->org.apache.commons.net.ftp.parser.FTPTimestampParserImpl.setRecentDateFormat
org.apache.commons.net.ftp.parser.FTPTimestampParserImpl->org.apache.commons.net.ftp.parser.FTPTimestampParserImpl.getEntry
org.apache.commons.net.ftp.parser.FTPTimestampParserImpl->org.apache.commons.net.ftp.parser.FTPTimestampParserImpl.indexOf
org.apache.commons.net.ftp.parser.FTPTimestampParserImpl->org.apache.commons.net.ftp.FTPClientConfig.getDefaultDateFormatStr
org.apache.commons.net.ftp.parser.FTPTimestampParserImpl->org.apache.commons.net.ftp.parser.FTPTimestampParserImpl.setDefaultDateFormat
org.apache.commons.net.ftp.parser.FTPTimestampParserImpl->org.apache.commons.net.ftp.parser.FTPTimestampParserImpl.getEntry
org.apache.commons.net.ftp.parser.FTPTimestampParserImpl->org.apache.commons.net.ftp.parser.FTPTimestampParserImpl.indexOf
org.apache.commons.net.ftp.parser.FTPTimestampParserImpl->org.apache.commons.net.ftp.FTPClientConfig.getServerTimeZoneId
org.apache.commons.net.ftp.parser.FTPTimestampParserImpl->org.apache.commons.net.ftp.parser.FTPTimestampParserImpl.setServerTimeZone
org.apache.commons.net.ftp.parser.FTPTimestampParserImpl->org.apache.commons.net.ftp.FTPClientConfig.isLenientFutureDates
org.apache.commons.net.ftp.parser.DefaultFTPFileEntryParserFactory->org.apache.commons.net.ftp.Configurable.configure
org.apache.commons.net.ftp.parser.ConfigurableFTPFileEntryParserImpl->org.apache.commons.net.ftp.parser.ConfigurableFTPFileEntryParserImpl.getDefaultConfiguration
org.apache.commons.net.ftp.parser.ConfigurableFTPFileEntryParserImpl->org.apache.commons.net.ftp.Configurable.configure
org.apache.commons.net.ftp.parser.FTPTimestampParserImpl->org.apache.commons.net.ftp.FTPClientConfig.getServerLanguageCode
org.apache.commons.net.ftp.parser.FTPTimestampParserImpl->org.apache.commons.net.ftp.FTPClientConfig.getShortMonthNames
org.apache.commons.net.ftp.parser.FTPTimestampParserImpl->org.apache.commons.net.ftp.FTPClientConfig.lookupDateFormatSymbols
org.apache.commons.net.ftp.parser.FTPTimestampParserImpl->org.apache.commons.net.ftp.FTPClientConfig.getRecentDateFormatStr
org.apache.commons.net.ftp.parser.FTPTimestampParserImpl->org.apache.commons.net.ftp.parser.FTPTimestampParserImpl.setRecentDateFormat
org.apache.commons.net.ftp.parser.FTPTimestampParserImpl->org.apache.commons.net.ftp.parser.FTPTimestampParserImpl.getEntry
org.apache.commons.net.ftp.parser.FTPTimestampParserImpl->org.apache.commons.net.ftp.parser.FTPTimestampParserImpl.indexOf
org.apache.commons.net.ftp.parser.FTPTimestampParserImpl->org.apache.commons.net.ftp.FTPClientConfig.getDefaultDateFormatStr
org.apache.commons.net.ftp.parser.FTPTimestampParserImpl->org.apache.commons.net.ftp.parser.FTPTimestampParserImpl.setDefaultDateFormat
org.apache.commons.net.ftp.parser.FTPTimestampParserImpl->org.apache.commons.net.ftp.parser.FTPTimestampParserImpl.getEntry
org.apache.commons.net.ftp.parser.FTPTimestampParserImpl->org.apache.commons.net.ftp.parser.FTPTimestampParserImpl.indexOf
org.apache.commons.net.ftp.parser.FTPTimestampParserImpl->org.apache.commons.net.ftp.FTPClientConfig.getServerTimeZoneId
org.apache.commons.net.ftp.parser.FTPTimestampParserImpl->org.apache.commons.net.ftp.parser.FTPTimestampParserImpl.setServerTimeZone
org.apache.commons.net.ftp.parser.FTPTimestampParserImpl->org.apache.commons.net.ftp.FTPClientConfig.isLenientFutureDates
org.apache.commons.net.ftp.FTPClientTest->org.apache.commons.net.ftp.FTPClient.getEntryParser
org.apache.commons.net.ftp.FTP->org.apache.commons.net.ftp.FTP.setDefaultPort
org.apache.commons.net.ftp.FTPClient->org.apache.commons.net.ftp.FTPClient.__initDefaults
org.apache.commons.net.ftp.FTPClientTest->org.apache.commons.net.ftp.FTPClientTest$LocalClient.setSystemType
org.apache.commons.net.ftp.FTPClientTest->org.apache.commons.net.ftp.FTPClientTest$LocalClient.getEntryParser
org.apache.commons.net.ftp.FTPClientTest->org.apache.commons.net.ftp.FTPClientTest$LocalClient.__createParser
org.apache.commons.net.ftp.FTPClient->org.apache.commons.net.ftp.FTPClient.getSystemType
org.apache.commons.net.ftp.FTPClient->org.apache.commons.net.ftp.FTPClient.getOverrideProperties
org.apache.commons.net.ftp.FTPClient->org.apache.commons.net.ftp.parser.FTPFileEntryParserFactory.createFileEntryParser
org.apache.commons.net.ftp.parser.DefaultFTPFileEntryParserFactory->org.apache.commons.net.ftp.parser.DefaultFTPFileEntryParserFactory.createFileEntryParser
org.apache.commons.net.ftp.parser.RegexFTPFileEntryParserImpl->org.apache.commons.net.ftp.parser.RegexFTPFileEntryParserImpl.compileRegex
org.apache.commons.net.ftp.parser.FTPTimestampParserImpl->org.apache.commons.net.ftp.parser.FTPTimestampParserImpl.setDefaultDateFormat
org.apache.commons.net.ftp.parser.FTPTimestampParserImpl->org.apache.commons.net.ftp.parser.FTPTimestampParserImpl.getEntry
org.apache.commons.net.ftp.parser.FTPTimestampParserImpl->org.apache.commons.net.ftp.parser.FTPTimestampParserImpl.indexOf
org.apache.commons.net.ftp.parser.FTPTimestampParserImpl->org.apache.commons.net.ftp.parser.FTPTimestampParserImpl.setRecentDateFormat
org.apache.commons.net.ftp.parser.FTPTimestampParserImpl->org.apache.commons.net.ftp.parser.FTPTimestampParserImpl.getEntry
org.apache.commons.net.ftp.parser.FTPTimestampParserImpl->org.apache.commons.net.ftp.parser.FTPTimestampParserImpl.indexOf
org.apache.commons.net.ftp.parser.UnixFTPEntryParser->org.apache.commons.net.ftp.parser.UnixFTPEntryParser.configure
org.apache.commons.net.ftp.parser.ConfigurableFTPFileEntryParserImpl->org.apache.commons.net.ftp.parser.ConfigurableFTPFileEntryParserImpl.getDefaultConfiguration
org.apache.commons.net.ftp.parser.ConfigurableFTPFileEntryParserImpl->org.apache.commons.net.ftp.Configurable.configure
org.apache.commons.net.ftp.parser.FTPTimestampParserImpl->org.apache.commons.net.ftp.FTPClientConfig.getServerLanguageCode
org.apache.commons.net.ftp.parser.FTPTimestampParserImpl->org.apache.commons.net.ftp.FTPClientConfig.getShortMonthNames
org.apache.commons.net.ftp.parser.FTPTimestampParserImpl->org.apache.commons.net.ftp.FTPClientConfig.lookupDateFormatSymbols
org.apache.commons.net.ftp.parser.FTPTimestampParserImpl->org.apache.commons.net.ftp.FTPClientConfig.getRecentDateFormatStr
org.apache.commons.net.ftp.parser.FTPTimestampParserImpl->org.apache.commons.net.ftp.parser.FTPTimestampParserImpl.setRecentDateFormat
org.apache.commons.net.ftp.parser.FTPTimestampParserImpl->org.apache.commons.net.ftp.parser.FTPTimestampParserImpl.getEntry
org.apache.commons.net.ftp.parser.FTPTimestampParserImpl->org.apache.commons.net.ftp.parser.FTPTimestampParserImpl.indexOf
org.apache.commons.net.ftp.parser.FTPTimestampParserImpl->org.apache.commons.net.ftp.FTPClientConfig.getDefaultDateFormatStr
org.apache.commons.net.ftp.parser.FTPTimestampParserImpl->org.apache.commons.net.ftp.parser.FTPTimestampParserImpl.setDefaultDateFormat
org.apache.commons.net.ftp.parser.FTPTimestampParserImpl->org.apache.commons.net.ftp.parser.FTPTimestampParserImpl.getEntry
org.apache.commons.net.ftp.parser.FTPTimestampParserImpl->org.apache.commons.net.ftp.parser.FTPTimestampParserImpl.indexOf
org.apache.commons.net.ftp.parser.FTPTimestampParserImpl->org.apache.commons.net.ftp.FTPClientConfig.getServerTimeZoneId
org.apache.commons.net.ftp.parser.FTPTimestampParserImpl->org.apache.commons.net.ftp.parser.FTPTimestampParserImpl.setServerTimeZone
org.apache.commons.net.ftp.parser.FTPTimestampParserImpl->org.apache.commons.net.ftp.FTPClientConfig.isLenientFutureDates
org.apache.commons.net.ftp.parser.DefaultFTPFileEntryParserFactory->org.apache.commons.net.ftp.Configurable.configure
org.apache.commons.net.ftp.parser.ConfigurableFTPFileEntryParserImpl->org.apache.commons.net.ftp.parser.ConfigurableFTPFileEntryParserImpl.getDefaultConfiguration
org.apache.commons.net.ftp.parser.ConfigurableFTPFileEntryParserImpl->org.apache.commons.net.ftp.Configurable.configure
org.apache.commons.net.ftp.parser.FTPTimestampParserImpl->org.apache.commons.net.ftp.FTPClientConfig.getServerLanguageCode
org.apache.commons.net.ftp.parser.FTPTimestampParserImpl->org.apache.commons.net.ftp.FTPClientConfig.getShortMonthNames
org.apache.commons.net.ftp.parser.FTPTimestampParserImpl->org.apache.commons.net.ftp.FTPClientConfig.lookupDateFormatSymbols
org.apache.commons.net.ftp.parser.FTPTimestampParserImpl->org.apache.commons.net.ftp.FTPClientConfig.getRecentDateFormatStr
org.apache.commons.net.ftp.parser.FTPTimestampParserImpl->org.apache.commons.net.ftp.parser.FTPTimestampParserImpl.setRecentDateFormat
org.apache.commons.net.ftp.parser.FTPTimestampParserImpl->org.apache.commons.net.ftp.parser.FTPTimestampParserImpl.getEntry
org.apache.commons.net.ftp.parser.FTPTimestampParserImpl->org.apache.commons.net.ftp.parser.FTPTimestampParserImpl.indexOf
org.apache.commons.net.ftp.parser.FTPTimestampParserImpl->org.apache.commons.net.ftp.FTPClientConfig.getDefaultDateFormatStr
org.apache.commons.net.ftp.parser.FTPTimestampParserImpl->org.apache.commons.net.ftp.parser.FTPTimestampParserImpl.setDefaultDateFormat
org.apache.commons.net.ftp.parser.FTPTimestampParserImpl->org.apache.commons.net.ftp.parser.FTPTimestampParserImpl.getEntry
org.apache.commons.net.ftp.parser.FTPTimestampParserImpl->org.apache.commons.net.ftp.parser.FTPTimestampParserImpl.indexOf
org.apache.commons.net.ftp.parser.FTPTimestampParserImpl->org.apache.commons.net.ftp.FTPClientConfig.getServerTimeZoneId
org.apache.commons.net.ftp.parser.FTPTimestampParserImpl->org.apache.commons.net.ftp.parser.FTPTimestampParserImpl.setServerTimeZone
org.apache.commons.net.ftp.parser.FTPTimestampParserImpl->org.apache.commons.net.ftp.FTPClientConfig.isLenientFutureDates
org.apache.commons.net.ftp.FTPClientTest->org.apache.commons.net.ftp.FTPClientTest$LocalClient.getEntryParser
org.apache.commons.net.ftp.FTPClientTest->org.apache.commons.net.ftp.FTPClientTest$LocalClient.__createParser
org.apache.commons.net.ftp.FTPClientTest->org.apache.commons.net.ftp.FTPClientTest$LocalClient.getEntryParser
org.apache.commons.net.ftp.FTPClientTest->org.apache.commons.net.ftp.FTPClientTest$LocalClient.setSystemType
org.apache.commons.net.ftp.FTPClientTest->org.apache.commons.net.ftp.FTPClientTest$LocalClient.__createParser
org.apache.commons.net.ftp.FTPClientTest->org.apache.commons.net.ftp.FTPClientTest$LocalClient.getEntryParser
org.apache.commons.net.ftp.parser.RegexFTPFileEntryParserImpl->org.apache.commons.net.ftp.parser.RegexFTPFileEntryParserImpl.compileRegex
org.apache.commons.net.ftp.parser.FTPTimestampParserImpl->org.apache.commons.net.ftp.parser.FTPTimestampParserImpl.setDefaultDateFormat
org.apache.commons.net.ftp.parser.FTPTimestampParserImpl->org.apache.commons.net.ftp.parser.FTPTimestampParserImpl.getEntry
org.apache.commons.net.ftp.parser.FTPTimestampParserImpl->org.apache.commons.net.ftp.parser.FTPTimestampParserImpl.indexOf
org.apache.commons.net.ftp.parser.FTPTimestampParserImpl->org.apache.commons.net.ftp.parser.FTPTimestampParserImpl.setRecentDateFormat
org.apache.commons.net.ftp.parser.FTPTimestampParserImpl->org.apache.commons.net.ftp.parser.FTPTimestampParserImpl.getEntry
org.apache.commons.net.ftp.parser.FTPTimestampParserImpl->org.apache.commons.net.ftp.parser.FTPTimestampParserImpl.indexOf
org.apache.commons.net.ftp.parser.UnixFTPEntryParser->org.apache.commons.net.ftp.parser.UnixFTPEntryParser.configure
org.apache.commons.net.ftp.parser.ConfigurableFTPFileEntryParserImpl->org.apache.commons.net.ftp.parser.ConfigurableFTPFileEntryParserImpl.getDefaultConfiguration
org.apache.commons.net.ftp.parser.ConfigurableFTPFileEntryParserImpl->org.apache.commons.net.ftp.Configurable.configure
org.apache.commons.net.ftp.parser.FTPTimestampParserImpl->org.apache.commons.net.ftp.FTPClientConfig.getServerLanguageCode
org.apache.commons.net.ftp.parser.FTPTimestampParserImpl->org.apache.commons.net.ftp.FTPClientConfig.getShortMonthNames
org.apache.commons.net.ftp.parser.FTPTimestampParserImpl->org.apache.commons.net.ftp.FTPClientConfig.lookupDateFormatSymbols
org.apache.commons.net.ftp.parser.FTPTimestampParserImpl->org.apache.commons.net.ftp.FTPClientConfig.getRecentDateFormatStr
org.apache.commons.net.ftp.parser.FTPTimestampParserImpl->org.apache.commons.net.ftp.parser.FTPTimestampParserImpl.setRecentDateFormat
org.apache.commons.net.ftp.parser.FTPTimestampParserImpl->org.apache.commons.net.ftp.parser.FTPTimestampParserImpl.getEntry
org.apache.commons.net.ftp.parser.FTPTimestampParserImpl->org.apache.commons.net.ftp.parser.FTPTimestampParserImpl.indexOf
org.apache.commons.net.ftp.parser.FTPTimestampParserImpl->org.apache.commons.net.ftp.FTPClientConfig.getDefaultDateFormatStr
org.apache.commons.net.ftp.parser.FTPTimestampParserImpl->org.apache.commons.net.ftp.parser.FTPTimestampParserImpl.setDefaultDateFormat
org.apache.commons.net.ftp.parser.FTPTimestampParserImpl->org.apache.commons.net.ftp.parser.FTPTimestampParserImpl.getEntry
org.apache.commons.net.ftp.parser.FTPTimestampParserImpl->org.apache.commons.net.ftp.parser.FTPTimestampParserImpl.indexOf
org.apache.commons.net.ftp.parser.FTPTimestampParserImpl->org.apache.commons.net.ftp.FTPClientConfig.getServerTimeZoneId
org.apache.commons.net.ftp.parser.FTPTimestampParserImpl->org.apache.commons.net.ftp.parser.FTPTimestampParserImpl.setServerTimeZone
org.apache.commons.net.ftp.parser.FTPTimestampParserImpl->org.apache.commons.net.ftp.FTPClientConfig.isLenientFutureDates
org.apache.commons.net.ftp.FTPListParseEngine->org.apache.commons.net.ftp.FTPClientConfig.getUnparseableEntries
org.apache.commons.net.ftp.FTPClientTest->org.apache.commons.net.ftp.FTPClientConfig.setUnparseableEntries
org.apache.commons.net.ftp.FTPClientTest->org.apache.commons.net.ftp.FTPListParseEngine.readServerList
org.apache.commons.net.ftp.FTPListParseEngine->org.apache.commons.net.ftp.FTPListParseEngine.readStream
org.apache.commons.net.ftp.FTPListParseEngine->org.apache.commons.net.util.Charsets.toCharset
org.apache.commons.net.ftp.FTPListParseEngine->org.apache.commons.net.ftp.FTPFileEntryParser.readNextEntry
org.apache.commons.net.ftp.FTPListParseEngine->org.apache.commons.net.ftp.FTPFileEntryParser.readNextEntry
org.apache.commons.net.ftp.FTPListParseEngine->org.apache.commons.net.ftp.FTPFileEntryParser.readNextEntry
org.apache.commons.net.ftp.FTPListParseEngine->org.apache.commons.net.ftp.FTPFileEntryParser.preParse
org.apache.commons.net.ftp.FTPListParseEngine->org.apache.commons.net.ftp.FTPListParseEngine.resetIterator
org.apache.commons.net.ftp.FTPClientTest->org.apache.commons.net.ftp.FTPListParseEngine.getFiles
org.apache.commons.net.ftp.FTPListParseEngine->org.apache.commons.net.ftp.FTPListParseEngine.getFiles
org.apache.commons.net.ftp.FTPListParseEngine->org.apache.commons.net.ftp.FTPFileEntryParser.parseFTPEntry
org.apache.commons.net.ftp.parser.UnixFTPEntryParser->org.apache.commons.net.ftp.FTPFile.setRawListing
org.apache.commons.net.ftp.parser.UnixFTPEntryParser->org.apache.commons.net.ftp.parser.UnixFTPEntryParser.matches
org.apache.commons.net.ftp.parser.UnixFTPEntryParser->org.apache.commons.net.ftp.parser.UnixFTPEntryParser.group
org.apache.commons.net.ftp.parser.UnixFTPEntryParser->org.apache.commons.net.ftp.parser.UnixFTPEntryParser.group
org.apache.commons.net.ftp.parser.UnixFTPEntryParser->org.apache.commons.net.ftp.parser.UnixFTPEntryParser.group
org.apache.commons.net.ftp.parser.UnixFTPEntryParser->org.apache.commons.net.ftp.parser.UnixFTPEntryParser.group
org.apache.commons.net.ftp.parser.UnixFTPEntryParser->org.apache.commons.net.ftp.parser.UnixFTPEntryParser.group
org.apache.commons.net.ftp.parser.UnixFTPEntryParser->org.apache.commons.net.ftp.parser.UnixFTPEntryParser.group
org.apache.commons.net.ftp.parser.UnixFTPEntryParser->org.apache.commons.net.ftp.parser.UnixFTPEntryParser.group
org.apache.commons.net.ftp.parser.UnixFTPEntryParser->org.apache.commons.net.ftp.parser.UnixFTPEntryParser.group
org.apache.commons.net.ftp.parser.UnixFTPEntryParser->org.apache.commons.net.ftp.parser.UnixFTPEntryParser.group
org.apache.commons.net.ftp.parser.ConfigurableFTPFileEntryParserImpl->org.apache.commons.net.ftp.parser.FTPTimestampParser.parseTimestamp
org.apache.commons.net.ftp.parser.FTPTimestampParserImpl->org.apache.commons.net.ftp.parser.FTPTimestampParserImpl.parseTimestamp
org.apache.commons.net.ftp.parser.FTPTimestampParserImpl->org.apache.commons.net.ftp.parser.FTPTimestampParserImpl.getServerTimeZone
org.apache.commons.net.ftp.parser.FTPTimestampParserImpl->org.apache.commons.net.ftp.parser.FTPTimestampParserImpl.getServerTimeZone
org.apache.commons.net.ftp.parser.FTPTimestampParserImpl->org.apache.commons.net.ftp.parser.FTPTimestampParserImpl.setPrecision
org.apache.commons.net.ftp.parser.UnixFTPEntryParser->org.apache.commons.net.ftp.FTPFile.setTimestamp
org.apache.commons.net.ftp.parser.UnixFTPEntryParser->org.apache.commons.net.ftp.FTPFile.setType
org.apache.commons.net.ftp.parser.UnixFTPEntryParser->org.apache.commons.net.ftp.parser.UnixFTPEntryParser.group
org.apache.commons.net.ftp.parser.UnixFTPEntryParser->org.apache.commons.net.ftp.FTPFile.setPermission
org.apache.commons.net.ftp.parser.UnixFTPEntryParser->org.apache.commons.net.ftp.parser.UnixFTPEntryParser.group
org.apache.commons.net.ftp.parser.UnixFTPEntryParser->org.apache.commons.net.ftp.FTPFile.setPermission
org.apache.commons.net.ftp.parser.UnixFTPEntryParser->org.apache.commons.net.ftp.parser.UnixFTPEntryParser.group
org.apache.commons.net.ftp.parser.UnixFTPEntryParser->org.apache.commons.net.ftp.FTPFile.setPermission
org.apache.commons.net.ftp.parser.UnixFTPEntryParser->org.apache.commons.net.ftp.parser.UnixFTPEntryParser.group
org.apache.commons.net.ftp.parser.UnixFTPEntryParser->org.apache.commons.net.ftp.FTPFile.setPermission
org.apache.commons.net.ftp.parser.UnixFTPEntryParser->org.apache.commons.net.ftp.parser.UnixFTPEntryParser.group
org.apache.commons.net.ftp.parser.UnixFTPEntryParser->org.apache.commons.net.ftp.FTPFile.setPermission
org.apache.commons.net.ftp.parser.UnixFTPEntryParser->org.apache.commons.net.ftp.parser.UnixFTPEntryParser.group
org.apache.commons.net.ftp.parser.UnixFTPEntryParser->org.apache.commons.net.ftp.FTPFile.setPermission
org.apache.commons.net.ftp.parser.UnixFTPEntryParser->org.apache.commons.net.ftp.parser.UnixFTPEntryParser.group
org.apache.commons.net.ftp.parser.UnixFTPEntryParser->org.apache.commons.net.ftp.FTPFile.setPermission
org.apache.commons.net.ftp.parser.UnixFTPEntryParser->org.apache.commons.net.ftp.parser.UnixFTPEntryParser.group
org.apache.commons.net.ftp.parser.UnixFTPEntryParser->org.apache.commons.net.ftp.FTPFile.setPermission
org.apache.commons.net.ftp.parser.UnixFTPEntryParser->org.apache.commons.net.ftp.parser.UnixFTPEntryParser.group
org.apache.commons.net.ftp.parser.UnixFTPEntryParser->org.apache.commons.net.ftp.FTPFile.setPermission
org.apache.commons.net.ftp.parser.UnixFTPEntryParser->org.apache.commons.net.ftp.FTPFile.setHardLinkCount
org.apache.commons.net.ftp.parser.UnixFTPEntryParser->org.apache.commons.net.ftp.FTPFile.setUser
org.apache.commons.net.ftp.parser.UnixFTPEntryParser->org.apache.commons.net.ftp.FTPFile.setGroup
org.apache.commons.net.ftp.parser.UnixFTPEntryParser->org.apache.commons.net.ftp.FTPFile.setSize
org.apache.commons.net.ftp.parser.UnixFTPEntryParser->org.apache.commons.net.ftp.FTPFile.setName
org.apache.commons.net.ftp.FTPListParseEngine->org.apache.commons.net.ftp.FTPFileFilter.accept
org.apache.commons.net.ftp.FTPListParseEngine->org.apache.commons.net.ftp.FTPFileEntryParser.parseFTPEntry
org.apache.commons.net.ftp.parser.UnixFTPEntryParser->org.apache.commons.net.ftp.FTPFile.setRawListing
org.apache.commons.net.ftp.parser.UnixFTPEntryParser->org.apache.commons.net.ftp.parser.UnixFTPEntryParser.matches
org.apache.commons.net.ftp.FTPListParseEngine->org.apache.commons.net.ftp.FTPFileFilter.accept
org.apache.commons.net.ftp.FTPClientTest->org.apache.commons.net.ftp.FTPClientConfig.setUnparseableEntries
org.apache.commons.net.ftp.FTPListParseEngine->org.apache.commons.net.ftp.FTPClientConfig.getUnparseableEntries
org.apache.commons.net.ftp.FTPClientTest->org.apache.commons.net.ftp.FTPListParseEngine.readServerList
org.apache.commons.net.ftp.FTPListParseEngine->org.apache.commons.net.ftp.FTPListParseEngine.readStream
org.apache.commons.net.ftp.FTPListParseEngine->org.apache.commons.net.util.Charsets.toCharset
org.apache.commons.net.ftp.FTPListParseEngine->org.apache.commons.net.ftp.FTPFileEntryParser.readNextEntry
org.apache.commons.net.ftp.FTPListParseEngine->org.apache.commons.net.ftp.FTPFileEntryParser.readNextEntry
org.apache.commons.net.ftp.FTPListParseEngine->org.apache.commons.net.ftp.FTPFileEntryParser.readNextEntry
org.apache.commons.net.ftp.FTPListParseEngine->org.apache.commons.net.ftp.FTPFileEntryParser.preParse
org.apache.commons.net.ftp.FTPListParseEngine->org.apache.commons.net.ftp.FTPListParseEngine.resetIterator
org.apache.commons.net.ftp.FTPClientTest->org.apache.commons.net.ftp.FTPListParseEngine.getFiles
org.apache.commons.net.ftp.FTPListParseEngine->org.apache.commons.net.ftp.FTPListParseEngine.getFiles
org.apache.commons.net.ftp.FTPListParseEngine->org.apache.commons.net.ftp.FTPFileEntryParser.parseFTPEntry
org.apache.commons.net.ftp.parser.UnixFTPEntryParser->org.apache.commons.net.ftp.FTPFile.setRawListing
org.apache.commons.net.ftp.parser.UnixFTPEntryParser->org.apache.commons.net.ftp.parser.UnixFTPEntryParser.matches
org.apache.commons.net.ftp.parser.UnixFTPEntryParser->org.apache.commons.net.ftp.parser.UnixFTPEntryParser.group
org.apache.commons.net.ftp.parser.UnixFTPEntryParser->org.apache.commons.net.ftp.parser.UnixFTPEntryParser.group
org.apache.commons.net.ftp.parser.UnixFTPEntryParser->org.apache.commons.net.ftp.parser.UnixFTPEntryParser.group
org.apache.commons.net.ftp.parser.UnixFTPEntryParser->org.apache.commons.net.ftp.parser.UnixFTPEntryParser.group
org.apache.commons.net.ftp.parser.UnixFTPEntryParser->org.apache.commons.net.ftp.parser.UnixFTPEntryParser.group
org.apache.commons.net.ftp.parser.UnixFTPEntryParser->org.apache.commons.net.ftp.parser.UnixFTPEntryParser.group
org.apache.commons.net.ftp.parser.UnixFTPEntryParser->org.apache.commons.net.ftp.parser.UnixFTPEntryParser.group
org.apache.commons.net.ftp.parser.UnixFTPEntryParser->org.apache.commons.net.ftp.parser.UnixFTPEntryParser.group
org.apache.commons.net.ftp.parser.UnixFTPEntryParser->org.apache.commons.net.ftp.parser.UnixFTPEntryParser.group
org.apache.commons.net.ftp.parser.ConfigurableFTPFileEntryParserImpl->org.apache.commons.net.ftp.parser.FTPTimestampParser.parseTimestamp
org.apache.commons.net.ftp.parser.FTPTimestampParserImpl->org.apache.commons.net.ftp.parser.FTPTimestampParserImpl.parseTimestamp
org.apache.commons.net.ftp.parser.FTPTimestampParserImpl->org.apache.commons.net.ftp.parser.FTPTimestampParserImpl.getServerTimeZone
org.apache.commons.net.ftp.parser.FTPTimestampParserImpl->org.apache.commons.net.ftp.parser.FTPTimestampParserImpl.getServerTimeZone
org.apache.commons.net.ftp.parser.FTPTimestampParserImpl->org.apache.commons.net.ftp.parser.FTPTimestampParserImpl.setPrecision
org.apache.commons.net.ftp.parser.UnixFTPEntryParser->org.apache.commons.net.ftp.FTPFile.setTimestamp
org.apache.commons.net.ftp.parser.UnixFTPEntryParser->org.apache.commons.net.ftp.FTPFile.setType
org.apache.commons.net.ftp.parser.UnixFTPEntryParser->org.apache.commons.net.ftp.parser.UnixFTPEntryParser.group
org.apache.commons.net.ftp.parser.UnixFTPEntryParser->org.apache.commons.net.ftp.FTPFile.setPermission
org.apache.commons.net.ftp.parser.UnixFTPEntryParser->org.apache.commons.net.ftp.parser.UnixFTPEntryParser.group
org.apache.commons.net.ftp.parser.UnixFTPEntryParser->org.apache.commons.net.ftp.FTPFile.setPermission
org.apache.commons.net.ftp.parser.UnixFTPEntryParser->org.apache.commons.net.ftp.parser.UnixFTPEntryParser.group
org.apache.commons.net.ftp.parser.UnixFTPEntryParser->org.apache.commons.net.ftp.FTPFile.setPermission
org.apache.commons.net.ftp.parser.UnixFTPEntryParser->org.apache.commons.net.ftp.parser.UnixFTPEntryParser.group
org.apache.commons.net.ftp.parser.UnixFTPEntryParser->org.apache.commons.net.ftp.FTPFile.setPermission
org.apache.commons.net.ftp.parser.UnixFTPEntryParser->org.apache.commons.net.ftp.parser.UnixFTPEntryParser.group
org.apache.commons.net.ftp.parser.UnixFTPEntryParser->org.apache.commons.net.ftp.FTPFile.setPermission
org.apache.commons.net.ftp.parser.UnixFTPEntryParser->org.apache.commons.net.ftp.parser.UnixFTPEntryParser.group
org.apache.commons.net.ftp.parser.UnixFTPEntryParser->org.apache.commons.net.ftp.FTPFile.setPermission
org.apache.commons.net.ftp.parser.UnixFTPEntryParser->org.apache.commons.net.ftp.parser.UnixFTPEntryParser.group
org.apache.commons.net.ftp.parser.UnixFTPEntryParser->org.apache.commons.net.ftp.FTPFile.setPermission
org.apache.commons.net.ftp.parser.UnixFTPEntryParser->org.apache.commons.net.ftp.parser.UnixFTPEntryParser.group
org.apache.commons.net.ftp.parser.UnixFTPEntryParser->org.apache.commons.net.ftp.FTPFile.setPermission
org.apache.commons.net.ftp.parser.UnixFTPEntryParser->org.apache.commons.net.ftp.parser.UnixFTPEntryParser.group
org.apache.commons.net.ftp.parser.UnixFTPEntryParser->org.apache.commons.net.ftp.FTPFile.setPermission
org.apache.commons.net.ftp.parser.UnixFTPEntryParser->org.apache.commons.net.ftp.FTPFile.setHardLinkCount
org.apache.commons.net.ftp.parser.UnixFTPEntryParser->org.apache.commons.net.ftp.FTPFile.setUser
org.apache.commons.net.ftp.parser.UnixFTPEntryParser->org.apache.commons.net.ftp.FTPFile.setGroup
org.apache.commons.net.ftp.parser.UnixFTPEntryParser->org.apache.commons.net.ftp.FTPFile.setSize
org.apache.commons.net.ftp.parser.UnixFTPEntryParser->org.apache.commons.net.ftp.FTPFile.setName
org.apache.commons.net.ftp.FTPListParseEngine->org.apache.commons.net.ftp.FTPFileFilter.accept
org.apache.commons.net.ftp.FTPListParseEngine->org.apache.commons.net.ftp.FTPFileEntryParser.parseFTPEntry
org.apache.commons.net.ftp.parser.UnixFTPEntryParser->org.apache.commons.net.ftp.FTPFile.setRawListing
org.apache.commons.net.ftp.parser.UnixFTPEntryParser->org.apache.commons.net.ftp.parser.UnixFTPEntryParser.matches
org.apache.commons.net.ftp.FTPListParseEngine->org.apache.commons.net.ftp.FTPFileFilter.accept
