org.apache.commons.net.ftp.FTPClientConfigTest->org.apache.commons.net.ftp.FTPClientConfig.getServerSystemKey
org.apache.commons.net.ftp.FTPClientConfigTest->org.apache.commons.net.ftp.FTPClientConfig.getDefaultDateFormatStr
org.apache.commons.net.ftp.FTPClientConfigTest->org.apache.commons.net.ftp.FTPClientConfig.getRecentDateFormatStr
org.apache.commons.net.ftp.FTPClientConfigTest->org.apache.commons.net.ftp.FTPClientConfig.getShortMonthNames
org.apache.commons.net.ftp.FTPClientConfigTest->org.apache.commons.net.ftp.FTPClientConfig.getServerTimeZoneId
org.apache.commons.net.ftp.FTPClientConfigTest->org.apache.commons.net.ftp.FTPClientConfig.getServerLanguageCode
org.apache.commons.net.ftp.FTPClientConfigTest->org.apache.commons.net.ftp.FTPClientConfig.lookupDateFormatSymbols
org.apache.commons.net.ftp.FTPClientConfig->org.apache.commons.net.ftp.FTPClientConfig.getDateFormatSymbols
org.apache.commons.net.ftp.FTPClientConfig->org.apache.commons.net.ftp.FTPClientConfig.splitShortMonthString
org.apache.commons.net.ftp.FTPClientConfigTest->org.apache.commons.net.ftp.FTPClientConfig.lookupDateFormatSymbols
org.apache.commons.net.ftp.FTPClientConfigTest->org.apache.commons.net.ftp.FTPClientConfig.lookupDateFormatSymbols
org.apache.commons.net.ftp.FTPClientConfigTest->org.apache.commons.net.ftp.FTPClientConfig.lookupDateFormatSymbols
org.apache.commons.net.ftp.FTPClientConfigTest->org.apache.commons.net.ftp.FTPClientConfig.getDateFormatSymbols
org.apache.commons.net.ftp.FTPClientConfig->org.apache.commons.net.ftp.FTPClientConfig.splitShortMonthString
org.apache.commons.net.ftp.FTPClientConfigTest->org.apache.commons.net.ftp.FTPClientConfig.getDateFormatSymbols
org.apache.commons.net.ftp.FTPClientConfig->org.apache.commons.net.ftp.FTPClientConfig.splitShortMonthString
org.apache.commons.net.ftp.FTPClientConfigTest->org.apache.commons.net.ftp.FTPClientConfig.getDateFormatSymbols
org.apache.commons.net.ftp.FTPClientConfig->org.apache.commons.net.ftp.FTPClientConfig.splitShortMonthString
org.apache.commons.net.ftp.FTPClientConfigTest->org.apache.commons.net.ftp.FTPClientConfig.getDateFormatSymbols
org.apache.commons.net.ftp.FTPClientConfig->org.apache.commons.net.ftp.FTPClientConfig.splitShortMonthString
org.apache.commons.net.ftp.FTPClientConfigTest->org.apache.commons.net.ftp.FTPClientConfig.getServerSystemKey
org.apache.commons.net.ftp.FTPClientConfigTest->org.apache.commons.net.ftp.FTPClientConfig.getDefaultDateFormatStr
org.apache.commons.net.ftp.FTPClientConfigTest->org.apache.commons.net.ftp.FTPClientConfig.getRecentDateFormatStr
org.apache.commons.net.ftp.FTPClientConfigTest->org.apache.commons.net.ftp.FTPClientConfig.getShortMonthNames
org.apache.commons.net.ftp.FTPClientConfigTest->org.apache.commons.net.ftp.FTPClientConfig.getServerTimeZoneId
org.apache.commons.net.ftp.FTPClientConfigTest->org.apache.commons.net.ftp.FTPClientConfig.getServerLanguageCode
